2026-06-27 17:14:36 | INFO     | main | [Main] Running single scrape pass...
2026-06-27 17:14:36 | INFO     | runner | ━━━ Scraper run started | run_id=725b1641-10ec-4437-9c6d-c539dd2a7be6 ━━━
2026-06-27 17:14:43 | INFO     | runner | [Runner] 20 active sources to process
2026-06-27 17:14:43 | INFO     | runner | [Source] Starting: Prothom Alo (bn)
2026-06-27 17:14:43 | INFO     | runner | [Source] Starting: Daily Star BD (en)
2026-06-27 17:14:43 | INFO     | runner | [Source] Starting: Kaler Kantho (bn)
2026-06-27 17:14:43 | INFO     | runner | [Source] Starting: Jugantor (bn)
2026-06-27 17:14:43 | INFO     | runner | [Source] Starting: Ittefaq (bn)
2026-06-27 17:14:43 | INFO     | runner | [Source] Starting: Samakal (bn)
2026-06-27 17:14:43 | INFO     | runner | [Source] Starting: Manab Zamin (bn)
2026-06-27 17:14:43 | INFO     | runner | [Source] Starting: Inqilab (bn)
2026-06-27 17:14:43 | INFO     | runner | [Source] Starting: Bangladesh Pratidin (bn)
2026-06-27 17:14:43 | INFO     | runner | [Source] Starting: Naya Diganta (bn)
2026-06-27 17:14:43 | WARNING  | fetcher.rss | [RSS] Failed to fetch RSS for Bangladesh Pratidin: Client error '404 Not Found' for url 'https://www.bd-pratidin.com/feed'
For more information check: https://developer.mozilla.org/en-US/docs/Web/HTTP/Status/404
2026-06-27 17:14:43 | WARNING  | fetcher.rss | [RSS] Empty feed for Samakal
2026-06-27 17:14:43 | INFO     | fetcher.rss | [RSS] Prothom Alo → 4 URLs found
2026-06-27 17:14:43 | INFO     | fetcher.html | [HTML] Samakal → 4 URLs found
2026-06-27 17:14:43 | INFO     | fetcher.html | [HTML] Bangladesh Pratidin → 4 URLs found
2026-06-27 17:14:43 | WARNING  | fetcher.rss | [RSS] Failed to fetch RSS for Naya Diganta: Server error '500 Internal Server Error' for url 'https://www.dailynayadiganta.com/feed'
For more information check: https://developer.mozilla.org/en-US/docs/Web/HTTP/Status/500
2026-06-27 17:14:43 | WARNING  | fetcher.rss | [RSS] Failed to fetch RSS for Jugantor: Client error '404 Not Found' for url 'https://www.jugantor.com/feed'
For more information check: https://developer.mozilla.org/en-US/docs/Web/HTTP/Status/404
2026-06-27 17:14:43 | WARNING  | fetcher.rss | [RSS] Failed to fetch RSS for Ittefaq: Client error '404 Not Found' for url 'https://www.ittefaq.com.bd/feed'
For more information check: https://developer.mozilla.org/en-US/docs/Web/HTTP/Status/404
2026-06-27 17:14:43 | INFO     | fetcher.html | [HTML] Ittefaq → 4 URLs found
2026-06-27 17:14:43 | WARNING  | fetcher.rss | [RSS] Failed to fetch RSS for Inqilab: Client error '404 Not Found' for url 'https://dailyinqilab.com/feed'
For more information check: https://developer.mozilla.org/en-US/docs/Web/HTTP/Status/404
2026-06-27 17:14:43 | WARNING  | fetcher.rss | [RSS] Failed to fetch RSS for Daily Star BD: Client error '404 Not Found' for url 'https://www.thedailystar.net/arcio/rss/'
For more information check: https://developer.mozilla.org/en-US/docs/Web/HTTP/Status/404
2026-06-27 17:14:43 | INFO     | fetcher.html | [HTML] Jugantor → 2 URLs found
2026-06-27 17:14:43 | WARNING  | fetcher.rss | [RSS] Failed to fetch RSS for Manab Zamin: Client error '404 Not Found' for url 'https://www.mzamin.com/feed'
For more information check: https://developer.mozilla.org/en-US/docs/Web/HTTP/Status/404
2026-06-27 17:14:44 | WARNING  | fetcher.rss | [RSS] Failed to fetch RSS for Kaler Kantho: Client error '404 Not Found' for url 'https://www.kalerkantho.com/rss.xml'
For more information check: https://developer.mozilla.org/en-US/docs/Web/HTTP/Status/404
2026-06-27 17:14:44 | INFO     | fetcher.sitemap | [Sitemap] Kaler Kantho → 4 URLs from index
2026-06-27 17:14:44 | INFO     | fetcher.html | [HTML] Naya Diganta → 4 URLs found
2026-06-27 17:14:44 | INFO     | fetcher.html | [HTML] Inqilab → 0 URLs found
2026-06-27 17:14:44 | WARNING  | runner | [Source] No URLs fetched from Inqilab
2026-06-27 17:14:44 | INFO     | fetcher.html | [HTML] Manab Zamin → 4 URLs found
2026-06-27 17:14:44 | INFO     | fetcher.sitemap | [Sitemap] Daily Star BD → 0 URLs from index
2026-06-27 17:14:44 | INFO     | fetcher.html | [HTML] Daily Star BD → 4 URLs found
2026-06-27 17:14:47 | INFO     | runner | [Source] Jugantor: all 2 URLs were duplicates
2026-06-27 17:14:47 | INFO     | runner | [Source] Jugantor done | saved=0 dupes=2 errors=0 fetcher=html
2026-06-27 17:14:48 | INFO     | runner | [Source] Starting: Bhorer Kagoj (bn)
2026-06-27 17:14:49 | WARNING  | fetcher.rss | [RSS] Failed to fetch RSS for Bhorer Kagoj: Client error '404 Not Found' for url 'https://www.bhorerkagoj.net/feed'
For more information check: https://developer.mozilla.org/en-US/docs/Web/HTTP/Status/404
2026-06-27 17:14:50 | INFO     | runner | [Source] Ittefaq: all 4 URLs were duplicates
2026-06-27 17:14:50 | INFO     | runner | [Source] Ittefaq done | saved=0 dupes=4 errors=0 fetcher=html
2026-06-27 17:14:50 | INFO     | runner | [Source] Bangladesh Pratidin: all 4 URLs were duplicates
2026-06-27 17:14:50 | INFO     | runner | [Source] Bangladesh Pratidin done | saved=0 dupes=4 errors=0 fetcher=html
2026-06-27 17:14:50 | INFO     | fetcher.html | [HTML] Bhorer Kagoj → 1 URLs found
2026-06-27 17:14:50 | INFO     | runner | [Source] Samakal: all 4 URLs were duplicates
2026-06-27 17:14:50 | INFO     | runner | [Source] Samakal done | saved=0 dupes=4 errors=0 fetcher=html
2026-06-27 17:14:50 | INFO     | runner | [Source] Kaler Kantho: all 4 URLs were duplicates
2026-06-27 17:14:50 | INFO     | runner | [Source] Kaler Kantho done | saved=0 dupes=4 errors=0 fetcher=sitemap
2026-06-27 17:14:51 | INFO     | runner | [Source] Naya Diganta: all 4 URLs were duplicates
2026-06-27 17:14:51 | INFO     | runner | [Source] Naya Diganta done | saved=0 dupes=4 errors=0 fetcher=html
2026-06-27 17:14:51 | INFO     | runner | [Source] Starting: Dainik Amader Shomoy (bn)
2026-06-27 17:14:51 | INFO     | runner | [Source] Daily Star BD: all 4 URLs were duplicates
2026-06-27 17:14:51 | INFO     | runner | [Source] Daily Star BD done | saved=0 dupes=4 errors=0 fetcher=html
2026-06-27 17:14:51 | INFO     | runner | [Source] Manab Zamin: all 4 URLs were duplicates
2026-06-27 17:14:51 | INFO     | runner | [Source] Manab Zamin done | saved=0 dupes=4 errors=0 fetcher=html
2026-06-27 17:14:52 | INFO     | runner | [Source] Starting: Bangla Tribune (bn)
2026-06-27 17:14:52 | WARNING  | fetcher.rss | [RSS] Failed to fetch RSS for Dainik Amader Shomoy: Client error '404 Page not found: /feed' for url 'https://www.dainikamadershomoy.com/feed'
For more information check: https://developer.mozilla.org/en-US/docs/Web/HTTP/Status/404
2026-06-27 17:14:52 | INFO     | runner | [Source] Starting: Risingbd (bn)
2026-06-27 17:14:53 | WARNING  | fetcher.rss | [RSS] Failed to fetch RSS for Bangla Tribune: Client error '404 Not Found' for url 'https://www.banglatribune.com/feed'
For more information check: https://developer.mozilla.org/en-US/docs/Web/HTTP/Status/404
2026-06-27 17:14:53 | WARNING  | fetcher.rss | [RSS] Failed to fetch RSS for Risingbd: Client error '404 Not Found' for url 'https://www.risingbd.com/rss.xml'
For more information check: https://developer.mozilla.org/en-US/docs/Web/HTTP/Status/404
2026-06-27 17:14:53 | INFO     | fetcher.html | [HTML] Bangla Tribune → 4 URLs found
2026-06-27 17:14:53 | INFO     | fetcher.html | [HTML] Risingbd → 4 URLs found
2026-06-27 17:14:53 | INFO     | fetcher.html | [HTML] Dainik Amader Shomoy → 3 URLs found
2026-06-27 17:14:53 | INFO     | runner | [Source] Starting: Desh Rupantor (bn)
2026-06-27 17:14:54 | INFO     | runner | [Source] Starting: Financial Express BD (en)
2026-06-27 17:14:56 | WARNING  | runner | [Article] No valid title, skipping: https://www.bhorerkagoj.com/apps/download/bkfamily.apk
2026-06-27 17:14:56 | INFO     | runner | [Source] Bhorer Kagoj done | saved=0 dupes=0 errors=1 fetcher=html
2026-06-27 17:14:56 | WARNING  | fetcher.rss | [RSS] Failed to fetch RSS for Desh Rupantor: Client error '404 Not Found' for url 'https://www.deshrupantor.com/feed'
For more information check: https://developer.mozilla.org/en-US/docs/Web/HTTP/Status/404
2026-06-27 17:14:56 | INFO     | runner | [Source] Starting: Business Standard BD (en)
2026-06-27 17:14:56 | INFO     | fetcher.html | [HTML] Desh Rupantor → 4 URLs found
2026-06-27 17:14:56 | WARNING  | fetcher.rss | [RSS] Failed to fetch RSS for Financial Express BD: Client error '404 Not Found' for url 'https://thefinancialexpress.com.bd/feed'
For more information check: https://developer.mozilla.org/en-US/docs/Web/HTTP/Status/404
2026-06-27 17:14:56 | INFO     | runner | [Source] Starting: New Age BD (en)
2026-06-27 17:14:56 | INFO     | fetcher.html | [HTML] Financial Express BD → 4 URLs found
2026-06-27 17:14:56 | WARNING  | fetcher.rss | [RSS] Failed to fetch RSS for Business Standard BD: Client error '404 Not Found' for url 'https://www.tbsnews.net/feed'
For more information check: https://developer.mozilla.org/en-US/docs/Web/HTTP/Status/404
2026-06-27 17:14:56 | INFO     | fetcher.html | [HTML] Business Standard BD → 4 URLs found
2026-06-27 17:14:57 | INFO     | runner | [Source] Starting: Dhaka Tribune (en)
2026-06-27 17:14:57 | WARNING  | fetcher.rss | [RSS] Failed to fetch RSS for Dhaka Tribune: Client error '404 Not Found' for url 'https://www.dhakatribune.com/rss.xml'
For more information check: https://developer.mozilla.org/en-US/docs/Web/HTTP/Status/404
2026-06-27 17:14:57 | WARNING  | fetcher.rss | [RSS] Failed to fetch RSS for New Age BD: Client error '404 Not Found' for url 'https://www.newagebd.net/rss.xml'
For more information check: https://developer.mozilla.org/en-US/docs/Web/HTTP/Status/404
2026-06-27 17:14:57 | INFO     | fetcher.sitemap | [Sitemap] Dhaka Tribune → 4 URLs from index
2026-06-27 17:14:58 | INFO     | runner | [Source] Starting: UNB News (en)
2026-06-27 17:14:58 | WARNING  | fetcher.rss | [RSS] Failed to fetch RSS for UNB News: Client error '404 Not Found' for url 'https://unb.com.bd/feed'
For more information check: https://developer.mozilla.org/en-US/docs/Web/HTTP/Status/404
2026-06-27 17:14:58 | INFO     | fetcher.html | [HTML] UNB News → 4 URLs found
2026-06-27 17:14:59 | INFO     | fetcher.html | [HTML] New Age BD → 4 URLs found
2026-06-27 17:15:00 | INFO     | runner | [Source] Dainik Amader Shomoy: all 3 URLs were duplicates
2026-06-27 17:15:00 | INFO     | runner | [Source] Dainik Amader Shomoy done | saved=0 dupes=3 errors=0 fetcher=html
2026-06-27 17:15:00 | INFO     | runner | [Source] Risingbd: all 4 URLs were duplicates
2026-06-27 17:15:00 | INFO     | runner | [Source] Risingbd done | saved=0 dupes=4 errors=0 fetcher=html
2026-06-27 17:15:00 | INFO     | runner | [Source] Bangla Tribune: all 4 URLs were duplicates
2026-06-27 17:15:00 | INFO     | runner | [Source] Bangla Tribune done | saved=0 dupes=4 errors=0 fetcher=html
2026-06-27 17:15:02 | INFO     | runner | [Source] Desh Rupantor: all 4 URLs were duplicates
2026-06-27 17:15:02 | INFO     | runner | [Source] Desh Rupantor done | saved=0 dupes=4 errors=0 fetcher=html
2026-06-27 17:15:02 | INFO     | runner | [Source] Financial Express BD: all 4 URLs were duplicates
2026-06-27 17:15:02 | INFO     | runner | [Source] Financial Express BD done | saved=0 dupes=4 errors=0 fetcher=html
2026-06-27 17:15:02 | INFO     | runner | [Source] Business Standard BD: all 4 URLs were duplicates
2026-06-27 17:15:02 | INFO     | runner | [Source] Business Standard BD done | saved=0 dupes=4 errors=0 fetcher=html
2026-06-27 17:15:03 | INFO     | runner | [Source] UNB News: all 4 URLs were duplicates
2026-06-27 17:15:03 | INFO     | runner | [Source] UNB News done | saved=0 dupes=4 errors=0 fetcher=html
2026-06-27 17:15:04 | INFO     | runner | [Source] New Age BD: all 4 URLs were duplicates
2026-06-27 17:15:04 | INFO     | runner | [Source] New Age BD done | saved=0 dupes=4 errors=0 fetcher=html
2026-06-27 17:15:14 | INFO     | runner | [Source] Prothom Alo done | saved=4 dupes=0 errors=0 fetcher=rss
2026-06-27 17:15:21 | INFO     | runner | [Source] Dhaka Tribune done | saved=2 dupes=2 errors=0 fetcher=sitemap
2026-06-27 17:15:23 | INFO     | runner | ━━━ Scraper run complete | run_id=725b1641-10ec-4437-9c6d-c539dd2a7be6 ━━━
2026-06-27 17:15:23 | INFO     | main | [Main] Single pass complete.
